0 info it worked if it ends with ok
1 verbose cli [ '/usr/local/bin/node',
1 verbose cli   '/usr/local/bin/npm',
1 verbose cli   'install',
1 verbose cli   '--global',
1 verbose cli   'gulp-cli' ]
2 info using npm@2.15.8
3 info using node@v4.4.7
4 verbose install initial load of /usr/local/lib/package.json
5 verbose readDependencies loading dependencies from /usr/local/lib/package.json
6 silly cache add args [ 'gulp-cli', null ]
7 verbose cache add spec gulp-cli
8 silly cache add parsed spec Result {
8 silly cache add   raw: 'gulp-cli',
8 silly cache add   scope: null,
8 silly cache add   name: 'gulp-cli',
8 silly cache add   rawSpec: '',
8 silly cache add   spec: 'latest',
8 silly cache add   type: 'tag' }
9 silly addNamed gulp-cli@latest
10 verbose addNamed "latest" is being treated as a dist-tag for gulp-cli
11 info addNameTag [ 'gulp-cli', 'latest' ]
12 silly mapToRegistry name gulp-cli
13 silly mapToRegistry using default registry
14 silly mapToRegistry registry https://registry.npmjs.org/
15 silly mapToRegistry data Result {
15 silly mapToRegistry   raw: 'gulp-cli',
15 silly mapToRegistry   scope: null,
15 silly mapToRegistry   name: 'gulp-cli',
15 silly mapToRegistry   rawSpec: '',
15 silly mapToRegistry   spec: 'latest',
15 silly mapToRegistry   type: 'tag' }
16 silly mapToRegistry uri https://registry.npmjs.org/gulp-cli
17 verbose addNameTag registry:https://registry.npmjs.org/gulp-cli not in flight; fetching
18 verbose request uri https://registry.npmjs.org/gulp-cli
19 verbose request no auth needed
20 info attempt registry request try #1 at 10:14:42 PM
21 verbose request id a0e6ef656e3cea50
22 http request GET https://registry.npmjs.org/gulp-cli
23 http 200 https://registry.npmjs.org/gulp-cli
24 verbose headers { server: 'CouchDB/1.5.0 (Erlang OTP/R16B03)',
24 verbose headers   etag: '"AHZRKLTVOAZE3WV79RVPMSDAA"',
24 verbose headers   'content-type': 'application/json',
24 verbose headers   'content-encoding': 'gzip',
24 verbose headers   'cache-control': 'max-age=300',
24 verbose headers   'content-length': '6108',
24 verbose headers   'accept-ranges': 'bytes',
24 verbose headers   date: 'Sun, 07 Aug 2016 21:14:43 GMT',
24 verbose headers   via: '1.1 varnish',
24 verbose headers   age: '206',
24 verbose headers   connection: 'keep-alive',
24 verbose headers   'x-served-by': 'cache-lhr6340-LHR',
24 verbose headers   'x-cache': 'HIT',
24 verbose headers   'x-cache-hits': '1',
24 verbose headers   'x-timer': 'S1470604483.093678,VS0,VE0',
24 verbose headers   vary: 'Accept-Encoding' }
25 silly get cb [ 200,
25 silly get   { server: 'CouchDB/1.5.0 (Erlang OTP/R16B03)',
25 silly get     etag: '"AHZRKLTVOAZE3WV79RVPMSDAA"',
25 silly get     'content-type': 'application/json',
25 silly get     'content-encoding': 'gzip',
25 silly get     'cache-control': 'max-age=300',
25 silly get     'content-length': '6108',
25 silly get     'accept-ranges': 'bytes',
25 silly get     date: 'Sun, 07 Aug 2016 21:14:43 GMT',
25 silly get     via: '1.1 varnish',
25 silly get     age: '206',
25 silly get     connection: 'keep-alive',
25 silly get     'x-served-by': 'cache-lhr6340-LHR',
25 silly get     'x-cache': 'HIT',
25 silly get     'x-cache-hits': '1',
25 silly get     'x-timer': 'S1470604483.093678,VS0,VE0',
25 silly get     vary: 'Accept-Encoding' } ]
26 verbose get saving gulp-cli to /Users/uczeu/.npm/registry.npmjs.org/gulp-cli/.cache.json
27 verbose correctMkdir /Users/uczeu/.npm correctMkdir not in flight; initializing
28 verbose makeDirectory /Users/uczeu/.npm creation not in flight; initializing
29 silly makeDirectory /Users/uczeu/.npm uid: 503 gid: 20
30 silly addNameTag next cb for gulp-cli with tag latest
31 silly addNamed gulp-cli@1.2.2
32 verbose addNamed "1.2.2" is a plain semver version for gulp-cli
33 silly mapToRegistry name gulp-cli
34 silly mapToRegistry using default registry
35 silly mapToRegistry registry https://registry.npmjs.org/
36 silly mapToRegistry data Result {
36 silly mapToRegistry   raw: 'gulp-cli',
36 silly mapToRegistry   scope: null,
36 silly mapToRegistry   name: 'gulp-cli',
36 silly mapToRegistry   rawSpec: '',
36 silly mapToRegistry   spec: 'latest',
36 silly mapToRegistry   type: 'tag' }
37 silly mapToRegistry uri https://registry.npmjs.org/gulp-cli
38 verbose addRemoteTarball https://registry.npmjs.org/gulp-cli/-/gulp-cli-1.2.2.tgz not in flight; adding
39 verbose addRemoteTarball [ 'https://registry.npmjs.org/gulp-cli/-/gulp-cli-1.2.2.tgz',
39 verbose addRemoteTarball   '7392def6316c6e7939a4f296f3f540151ae3a275' ]
40 info retry fetch attempt 1 at 10:14:43 PM
41 info attempt registry request try #1 at 10:14:43 PM
42 http fetch GET https://registry.npmjs.org/gulp-cli/-/gulp-cli-1.2.2.tgz
43 http fetch 200 https://registry.npmjs.org/gulp-cli/-/gulp-cli-1.2.2.tgz
44 silly fetchAndShaCheck shasum 7392def6316c6e7939a4f296f3f540151ae3a275
45 verbose addTmpTarball /var/folders/r4/dbhvldbx5fs_p8yw2dc7nq_h0000gq/T/npm-9309-f5a67d9f/registry.npmjs.org/gulp-cli/-/gulp-cli-1.2.2.tgz not in flight; adding
46 verbose addTmpTarball already have metadata; skipping unpack for gulp-cli@1.2.2
47 verbose correctMkdir /Users/uczeu/.npm correctMkdir not in flight; initializing
48 silly cache afterAdd gulp-cli@1.2.2
49 verbose afterAdd /Users/uczeu/.npm/gulp-cli/1.2.2/package/package.json not in flight; writing
50 verbose correctMkdir /Users/uczeu/.npm correctMkdir not in flight; initializing
51 verbose afterAdd /Users/uczeu/.npm/gulp-cli/1.2.2/package/package.json written
52 silly install resolved [ { name: 'gulp-cli',
52 silly install resolved     version: '1.2.2',
52 silly install resolved     description: 'Command line interface for gulp',
52 silly install resolved     author:
52 silly install resolved      { name: 'Gulp Team',
52 silly install resolved        email: 'team@gulpjs.com',
52 silly install resolved        url: 'http://gulpjs.com/' },
52 silly install resolved     contributors: [],
52 silly install resolved     homepage: 'http://gulpjs.com',
52 silly install resolved     repository:
52 silly install resolved      { type: 'git',
52 silly install resolved        url: 'git+https://github.com/gulpjs/gulp-cli.git' },
52 silly install resolved     license: 'MIT',
52 silly install resolved     man: [ 'gulp.1' ],
52 silly install resolved     engines: { node: '>= 0.10' },
52 silly install resolved     main: 'index.js',
52 silly install resolved     bin: { gulp: 'bin/gulp.js' },
52 silly install resolved     files: [ 'index.js', 'lib', 'bin', 'completion', 'gulp.1' ],
52 silly install resolved     scripts:
52 silly install resolved      { coveralls: 'lab -r lcov | coveralls',
52 silly install resolved        lint: 'eslint . && jscs index.js bin/ lib/ test/',
52 silly install resolved        prepublish: 'marked-man --name gulp docs/CLI.md > gulp.1',
52 silly install resolved        pretest: 'npm run lint',
52 silly install resolved        test: 'lab test/*.js -cv -I Reflect',
52 silly install resolved        changelog: 'github-changes -o gulpjs -r gulp-cli -b master -f ./CHANGELOG.md --order-semver --use-commit-body' },
52 silly install resolved     dependencies:
52 silly install resolved      { archy: '^1.0.0',
52 silly install resolved        chalk: '^1.1.0',
52 silly install resolved        'fancy-log': '^1.1.0',
52 silly install resolved        gulplog: '^1.0.0',
52 silly install resolved        interpret: '^1.0.0',
52 silly install resolved        liftoff: '^2.1.0',
52 silly install resolved        'lodash.isfunction': '^3.0.8',
52 silly install resolved        'lodash.isplainobject': '^4.0.4',
52 silly install resolved        'lodash.isstring': '^4.0.1',
52 silly install resolved        'lodash.sortby': '^4.5.0',
52 silly install resolved        matchdep: '^1.0.0',
52 silly install resolved        'mute-stdout': '^1.0.0',
52 silly install resolved        'pretty-hrtime': '^1.0.0',
52 silly install resolved        'semver-greatest-satisfied-range': '^1.0.0',
52 silly install resolved        tildify: '^1.0.0',
52 silly install resolved        v8flags: '^2.0.9',
52 silly install resolved        wreck: '^6.3.0',
52 silly install resolved        yargs: '^3.28.0' },
52 silly install resolved     devDependencies:
52 silly install resolved      { 'babel-preset-es2015': '^6.5.0',
52 silly install resolved        'babel-register': '^6.5.1',
52 silly install resolved        code: '^1.2.1',
52 silly install resolved        coveralls: '^2.7.0',
52 silly install resolved        eslint: '^1.7.3',
52 silly install resolved        'eslint-config-gulp': '^2.0.0',
52 silly install resolved        'fs-extra': '^0.26.1',
52 silly install resolved        'github-changes': '^1.0.1',
52 silly install resolved        gulp: 'github:gulpjs/gulp#4.0',
52 silly install resolved        jscs: '^2.3.5',
52 silly install resolved        'jscs-preset-gulp': '^1.0.0',
52 silly install resolved        lab: '^6.2.0',
52 silly install resolved        'marked-man': '^0.1.3' },
52 silly install resolved     keywords: [ 'build', 'stream', 'system', 'make', 'tool', 'asset', 'pipeline' ],
52 silly install resolved     gitHead: '51b301a043bd5617465fbb73ced86bf2c35a1924',
52 silly install resolved     bugs: { url: 'https://github.com/gulpjs/gulp-cli/issues' },
52 silly install resolved     _id: 'gulp-cli@1.2.2',
52 silly install resolved     _shasum: '7392def6316c6e7939a4f296f3f540151ae3a275',
52 silly install resolved     _from: 'gulp-cli@latest',
52 silly install resolved     _npmVersion: '2.15.2',
52 silly install resolved     _nodeVersion: '0.10.41',
52 silly install resolved     _npmUser: { name: 'phated', email: 'blaine.bublitz@gmail.com' },
52 silly install resolved     maintainers: [ [Object], [Object], [Object] ],
52 silly install resolved     dist:
52 silly install resolved      { shasum: '7392def6316c6e7939a4f296f3f540151ae3a275',
52 silly install resolved        tarball: 'https://registry.npmjs.org/gulp-cli/-/gulp-cli-1.2.2.tgz' },
52 silly install resolved     _npmOperationalInternal:
52 silly install resolved      { host: 'packages-16-east.internal.npmjs.com',
52 silly install resolved        tmp: 'tmp/gulp-cli-1.2.2.tgz_1468605495802_0.5796305062249303' },
52 silly install resolved     directories: {},
52 silly install resolved     _resolved: 'https://registry.npmjs.org/gulp-cli/-/gulp-cli-1.2.2.tgz' } ]
53 info install gulp-cli@1.2.2 into /usr/local/lib
54 info installOne gulp-cli@1.2.2
55 verbose installOne of gulp-cli to /usr/local/lib not in flight; installing
56 verbose correctMkdir /Users/uczeu/.npm/_locks correctMkdir not in flight; initializing
57 verbose makeDirectory /Users/uczeu/.npm/_locks creation not in flight; initializing
58 silly makeDirectory /Users/uczeu/.npm/_locks uid: 503 gid: 20
59 verbose lock using /Users/uczeu/.npm/_locks/gulp-cli-9387f74fd11e9bcf.lock for /usr/local/lib/node_modules/gulp-cli
60 silly install write writing gulp-cli 1.2.2 to /usr/local/lib/node_modules/gulp-cli
61 verbose unbuild lib/node_modules/gulp-cli
62 silly gentlyRm /usr/local/lib/node_modules/gulp-cli is being purged from base /usr/local
63 verbose gentlyRm don't care about contents; nuking /usr/local/lib/node_modules/gulp-cli
64 verbose tar unpack /Users/uczeu/.npm/gulp-cli/1.2.2/package.tgz
65 verbose tar unpacking to /usr/local/lib/node_modules/gulp-cli
66 silly gentlyRm /usr/local/lib/node_modules/gulp-cli is being purged
67 verbose gentlyRm don't care about contents; nuking /usr/local/lib/node_modules/gulp-cli
68 silly gunzTarPerm modes [ '755', '644' ]
69 error tar.unpack untar error /Users/uczeu/.npm/gulp-cli/1.2.2/package.tgz
70 verbose unlock done using /Users/uczeu/.npm/_locks/gulp-cli-9387f74fd11e9bcf.lock for /usr/local/lib/node_modules/gulp-cli
71 verbose fstream_path /usr/local/lib/node_modules/gulp-cli
72 verbose fstream_type Directory
73 verbose fstream_class DirWriter
74 verbose stack Error: EACCES: permission denied, mkdir '/usr/local/lib/node_modules/gulp-cli'
74 verbose stack     at Error (native)
75 verbose fstream_stack /usr/local/lib/node_modules/npm/node_modules/fstream/lib/dir-writer.js:35:25
75 verbose fstream_stack /usr/local/lib/node_modules/npm/node_modules/mkdirp/index.js:47:53
75 verbose fstream_stack FSReqWrap.oncomplete (fs.js:82:15)
76 verbose cwd /Applications/XAMPP/xamppfiles/htdocs/david-woods/eveurb123.github.io
77 error Darwin 15.6.0
78 error argv "/usr/local/bin/node" "/usr/local/bin/npm" "install" "--global" "gulp-cli"
79 error node v4.4.7
80 error npm  v2.15.8
81 error path /usr/local/lib/node_modules/gulp-cli
82 error code EACCES
83 error errno -13
84 error syscall mkdir
85 error Error: EACCES: permission denied, mkdir '/usr/local/lib/node_modules/gulp-cli'
85 error     at Error (native)
85 error  { [Error: EACCES: permission denied, mkdir '/usr/local/lib/node_modules/gulp-cli']
85 error   errno: -13,
85 error   code: 'EACCES',
85 error   syscall: 'mkdir',
85 error   path: '/usr/local/lib/node_modules/gulp-cli',
85 error   fstream_type: 'Directory',
85 error   fstream_path: '/usr/local/lib/node_modules/gulp-cli',
85 error   fstream_class: 'DirWriter',
85 error   fstream_stack:
85 error    [ '/usr/local/lib/node_modules/npm/node_modules/fstream/lib/dir-writer.js:35:25',
85 error      '/usr/local/lib/node_modules/npm/node_modules/mkdirp/index.js:47:53',
85 error      'FSReqWrap.oncomplete (fs.js:82:15)' ] }
86 error Please try running this command again as root/Administrator.
87 verbose exit [ -13, true ]
88 verbose unbuild lib/node_modules/gulp-cli
89 silly gentlyRm /usr/local/lib/node_modules/gulp-cli is being purged from base /usr/local
90 verbose gentlyRm don't care about contents; nuking /usr/local/lib/node_modules/gulp-cli
